#
# A fatal error has been detected by the Java Runtime Environment:
#
#  SIGSEGV (0xb) at pc=0x00007fff8c16406a, pid=12427, tid=48387
#
# JRE version: Java(TM) SE Runtime Environment (7.0_67-b01) (build 1.7.0_67-b01)
# Java VM: Java HotSpot(TM) 64-Bit Server VM (24.65-b04 mixed mode bsd-amd64 compressed oops)
# Problematic frame:
# C  [libsystem_platform.dylib+0x406a]  _platform_memmove$VARIANT$Nehalem+0x8a
#
# Failed to write core dump. Core dumps have been disabled. To enable core dumping, try "ulimit -c unlimited" before starting Java again
#
# If you would like to submit a bug report, please visit:
#   http://bugreport.sun.com/bugreport/crash.jsp
# The crash happened outside the Java Virtual Machine in native code.
# See problematic frame for where to report the bug.
#

---------------  T H R E A D  ---------------

Current thread (0x00007fb34c800000):  JavaThread "AWT-EventQueue-0" [_thread_in_native, id=48387, stack(0x0000000163454000,0x0000000163554000)]

siginfo:si_signo=SIGSEGV: si_errno=0, si_code=1 (SEGV_MAPERR), si_addr=0x0000000164221000

Registers:
RAX=0x0000000164221000, RBX=0x00007fff7d35b570, RCX=0x0000000000000010, RDX=0x000000000000005a
RSP=0x0000000163550610, RBP=0x0000000163550610, RSI=0x00007fb34b844100, RDI=0x0000000164221010
R8 =0x00007fb34b800000, R9 =0x00000000000003fe, R10=0x0000000058000011, R11=0xffff804e189dcf10
R12=0x00007fb34b8440f0, R13=0x00007fb34b8440c0, R14=0x000000000000006a, R15=0x0000000164221000
RIP=0x00007fff8c16406a, EFLAGS=0x0000000000010206, ERR=0x0000000000000006
  TRAPNO=0x000000000000000e

Top of Stack: (sp=0x0000000163550610)
0x0000000163550610:   0000000163550650 00007fff93f96531
0x0000000163550620:   00007fb34b8440c0 0000000000001000
0x0000000163550630:   00000001635506e0 00007fb34956a390
0x0000000163550640:   000000000000006a 00000001635506f8
0x0000000163550650:   0000000163550680 00007fff8fb08d8e
0x0000000163550660:   00007fb34b818750 0000000000000007
0x0000000163550670:   0000000163550b70 00007fb34b84b580
0x0000000163550680:   0000000163550b40 00007fff8fb277f5
0x0000000163550690:   0000000163550840 00007fff93f40043
0x00000001635506a0:   0000000000000000 0000000000000000
0x00000001635506b0:   0000000000000000 0000000000000000
0x00000001635506c0:   0000000000000000 0000000000000000
0x00000001635506d0:   0000000000000000 0000000000000000
0x00000001635506e0:   00007fff7c90f600 00007fb34b8440c0
0x00000001635506f0:   0000000000000001 0000000164221000
0x0000000163550700:   0000000000001000 00007fff7c90ead0
0x0000000163550710:   746e6f465443534e 7441737469617254
0x0000000163550720:   0065747562697274 0000000000000000
0x0000000163550730:   0000000000000000 0000000000000000
0x0000000163550740:   0000000000000000 0000000000000000
0x0000000163550750:   0000000000000000 0000000000000000
0x0000000163550760:   0000000000000000 0000000000000000
0x0000000163550770:   0000000000000000 0000000000000000
0x0000000163550780:   0000000000000000 0000000000000000
0x0000000163550790:   0000000000000000 0000000000000000
0x00000001635507a0:   0000000000000000 0000000000000000
0x00000001635507b0:   0000000000000000 0000000000000000
0x00000001635507c0:   0000000000000000 0000000000000000
0x00000001635507d0:   0000000000000000 0000000000000000
0x00000001635507e0:   0000000000000000 0000000000000000
0x00000001635507f0:   0000000000000000 0000000000000000
0x0000000163550800:   0000000000000000 0000000000000000 

Instructions: (pc=0x00007fff8c16406a)
0x00007fff8c16404a:   75 ee 5d c3 66 90 0f 10 06 48 83 c7 10 48 83 e7
0x00007fff8c16405a:   f0 48 89 f9 48 29 c1 48 01 ce 48 29 ca 0f 10 0e
0x00007fff8c16406a:   0f 11 00 0f 10 56 10 0f 10 5e 20 0f 10 66 30 48
0x00007fff8c16407a:   83 c6 40 48 81 ea 80 00 00 00 76 6a 48 f7 c6 0f 

Register to memory mapping:

RAX=0x0000000164221000 is an unknown value
RBX=0x00007fff7d35b570: OBJC_CLASS_$___NSCFData+0 in /System/Library/Frameworks/CoreFoundation.framework/Versions/A/CoreFoundation at 0x00007fff93f21000
RCX=0x0000000000000010 is an unknown value
RDX=0x000000000000005a is an unknown value
RSP=0x0000000163550610 is pointing into the stack for thread: 0x00007fb34c800000
RBP=0x0000000163550610 is pointing into the stack for thread: 0x00007fb34c800000
RSI=0x00007fb34b844100 is an unknown value
RDI=0x0000000164221010 is an unknown value
R8 =0x00007fb34b800000 is an unknown value
R9 =0x00000000000003fe is an unknown value
R10=0x0000000058000011 is an unknown value
R11=0xffff804e189dcf10 is an unknown value
R12=0x00007fb34b8440f0 is an unknown value
R13=0x00007fb34b8440c0 is an unknown value
R14=0x000000000000006a is an unknown value
R15=0x0000000164221000 is an unknown value


Stack: [0x0000000163454000,0x0000000163554000],  sp=0x0000000163550610,  free space=1009k
Native frames: (J=compiled Java code, j=interpreted, Vv=VM code, C=native code)
C  [libsystem_platform.dylib+0x406a]  _platform_memmove$VARIANT$Nehalem+0x8a
C  [CoreFoundation+0x75531]  CFDataGetBytes+0x81
C  [libFontRegistry.dylib+0x1d8e]  _ZN19TCFVMFlattenContextC2EPKv+0xd8
C  [libFontRegistry.dylib+0x207f5]  _ZNK22TGlobalFontRegistryImp20CopyPropertyForFontsEPK9__CFArrayPK10__CFStringRK17TFontQueryOptions+0x9d
C  [libFontRegistry.dylib+0x316f]  XTCopyPropertyForFonts+0x73
C  [CoreText+0x17817]  _ZNK9TBaseFont29CreateTraitsValuesPerFontInfoEv+0x8f
C  [CoreText+0x1768f]  _ZNK9TBaseFont18CopyTraitsInternalEv+0x57
C  [CoreText+0x1721d]  _ZNK9TBaseFont13CopyAttributeEm+0x1ed
C  [CoreText+0x5291]  _ZNK11TDescriptor13CopyAttributeEPK10__CFString+0xaf
C  [CoreText+0x51bf]  CTFontDescriptorCopyAttribute+0x63
C  [AppKit+0x954df]  -[NSFontManager availableMembersOfFontFamily:]+0x28b
C  [liblwawt.dylib+0x14f3d]  Java_sun_font_CFontManager_loadNativeFonts+0x16e
j  sun.font.CFontManager.loadNativeFonts()V+0
j  sun.font.CFontManager.access$000(Lsun/font/CFontManager;)V+1
j  sun.font.CFontManager$4.run()Ljava/lang/Object;+4
v  ~StubRoutines::call_stub
V  [libjvm.dylib+0x2daef8]
V  [libjvm.dylib+0x2dacc8]
V  [libjvm.dylib+0x32e498]
j  java.security.AccessController.doPrivileged(Ljava/security/PrivilegedAction;)Ljava/lang/Object;+0
j  sun.font.CFontManager.loadFonts()V+19
j  sun.font.SunFontManager.findFont2D(Ljava/lang/String;II)Lsun/font/Font2D;+933
j  java.awt.Font.getFont2D()Lsun/font/Font2D;+86
j  java.awt.Font.access$000(Ljava/awt/Font;)Lsun/font/Font2D;+1
j  java.awt.Font$FontAccessImpl.getFont2D(Ljava/awt/Font;)Lsun/font/Font2D;+1
j  sun.font.FontUtilities.getFont2D(Ljava/awt/Font;)Lsun/font/Font2D;+4
j  sun.font.FontDesignMetrics.initMatrixAndMetrics()V+4
j  sun.font.FontDesignMetrics.<init>(Ljava/awt/Font;Ljava/awt/font/FontRenderContext;)V+62
j  sun.font.FontDesignMetrics.getMetrics(Ljava/awt/Font;Ljava/awt/font/FontRenderContext;)Lsun/font/FontDesignMetrics;+129
j  sun.swing.SwingUtilities2.getFontMetrics(Ljavax/swing/JComponent;Ljava/awt/Font;)Ljava/awt/FontMetrics;+15
j  javax.swing.JComponent.getFontMetrics(Ljava/awt/Font;)Ljava/awt/FontMetrics;+2
j  javax.swing.plaf.basic.BasicLabelUI.getPreferredSize(Ljavax/swing/JComponent;)Ljava/awt/Dimension;+144
j  javax.swing.JComponent.getPreferredSize()Ljava/awt/Dimension;+26
j  java.awt.FlowLayout.preferredLayoutSize(Ljava/awt/Container;)Ljava/awt/Dimension;+66
j  java.awt.Container.preferredSize()Ljava/awt/Dimension;+43
j  java.awt.Container.getPreferredSize()Ljava/awt/Dimension;+1
j  javax.swing.JComponent.getPreferredSize()Ljava/awt/Dimension;+39
j  java.awt.BorderLayout.preferredLayoutSize(Ljava/awt/Container;)Ljava/awt/Dimension;+264
j  java.awt.Container.preferredSize()Ljava/awt/Dimension;+43
j  java.awt.Container.getPreferredSize()Ljava/awt/Dimension;+1
j  javax.swing.JComponent.getPreferredSize()Ljava/awt/Dimension;+39
j  javax.swing.JRootPane$RootLayout.preferredLayoutSize(Ljava/awt/Container;)Ljava/awt/Dimension;+26
j  java.awt.Container.preferredSize()Ljava/awt/Dimension;+43
j  java.awt.Container.getPreferredSize()Ljava/awt/Dimension;+1
j  javax.swing.JComponent.getPreferredSize()Ljava/awt/Dimension;+39
j  java.awt.BorderLayout.preferredLayoutSize(Ljava/awt/Container;)Ljava/awt/Dimension;+157
j  java.awt.Container.preferredSize()Ljava/awt/Dimension;+43
j  java.awt.Container.getPreferredSize()Ljava/awt/Dimension;+1
j  java.awt.Window.pack()V+32
j  Game.run()V+81
j  java.awt.event.InvocationEvent.dispatch()V+47
j  java.awt.EventQueue.dispatchEventImpl(Ljava/awt/AWTEvent;Ljava/lang/Object;)V+21
j  java.awt.EventQueue.access$200(Ljava/awt/EventQueue;Ljava/awt/AWTEvent;Ljava/lang/Object;)V+3
j  java.awt.EventQueue$3.run()Ljava/lang/Void;+12
j  java.awt.EventQueue$3.run()Ljava/lang/Object;+1
v  ~StubRoutines::call_stub
V  [libjvm.dylib+0x2daef8]
V  [libjvm.dylib+0x2dacc8]
V  [libjvm.dylib+0x32e498]
j  java.security.AccessController.doPrivileged(Ljava/security/PrivilegedAction;Ljava/security/AccessControlContext;)Ljava/lang/Object;+0
j  java.security.ProtectionDomain$1.doIntersectionPrivilege(Ljava/security/PrivilegedAction;Ljava/security/AccessControlContext;Ljava/security/AccessControlContext;)Ljava/lang/Object;+28
j  java.awt.EventQueue.dispatchEvent(Ljava/awt/AWTEvent;)V+46
j  java.awt.EventDispatchThread.pumpOneEventForFilters(I)V+245
j  java.awt.EventDispatchThread.pumpEventsForFilter(ILjava/awt/Conditional;Ljava/awt/EventFilter;)V+35
j  java.awt.EventDispatchThread.pumpEventsForHierarchy(ILjava/awt/Conditional;Ljava/awt/Component;)V+11
j  java.awt.EventDispatchThread.pumpEvents(ILjava/awt/Conditional;)V+4
j  java.awt.EventDispatchThread.pumpEvents(Ljava/awt/Conditional;)V+3
j  java.awt.EventDispatchThread.run()V+9
v  ~StubRoutines::call_stub
V  [libjvm.dylib+0x2daef8]
V  [libjvm.dylib+0x2db40f]
V  [libjvm.dylib+0x2db54c]
V  [libjvm.dylib+0x32a41e]
V  [libjvm.dylib+0x4f5855]
V  [libjvm.dylib+0x4f6f5d]
V  [libjvm.dylib+0x420772]
C  [libsystem_pthread.dylib+0x1899]  _pthread_body+0x8a
C  [libsystem_pthread.dylib+0x172a]  _pthread_struct_init+0x0
C  [libsystem_pthread.dylib+0x5fc9]  thread_start+0xd

Java frames: (J=compiled Java code, j=interpreted, Vv=VM code)
j  sun.font.CFontManager.loadNativeFonts()V+0
j  sun.font.CFontManager.access$000(Lsun/font/CFontManager;)V+1
j  sun.font.CFontManager$4.run()Ljava/lang/Object;+4
v  ~StubRoutines::call_stub
j  java.security.AccessController.doPrivileged(Ljava/security/PrivilegedAction;)Ljava/lang/Object;+0
j  sun.font.CFontManager.loadFonts()V+19
j  sun.font.SunFontManager.findFont2D(Ljava/lang/String;II)Lsun/font/Font2D;+933
j  java.awt.Font.getFont2D()Lsun/font/Font2D;+86
j  java.awt.Font.access$000(Ljava/awt/Font;)Lsun/font/Font2D;+1
j  java.awt.Font$FontAccessImpl.getFont2D(Ljava/awt/Font;)Lsun/font/Font2D;+1
j  sun.font.FontUtilities.getFont2D(Ljava/awt/Font;)Lsun/font/Font2D;+4
j  sun.font.FontDesignMetrics.initMatrixAndMetrics()V+4
j  sun.font.FontDesignMetrics.<init>(Ljava/awt/Font;Ljava/awt/font/FontRenderContext;)V+62
j  sun.font.FontDesignMetrics.getMetrics(Ljava/awt/Font;Ljava/awt/font/FontRenderContext;)Lsun/font/FontDesignMetrics;+129
j  sun.swing.SwingUtilities2.getFontMetrics(Ljavax/swing/JComponent;Ljava/awt/Font;)Ljava/awt/FontMetrics;+15
j  javax.swing.JComponent.getFontMetrics(Ljava/awt/Font;)Ljava/awt/FontMetrics;+2
j  javax.swing.plaf.basic.BasicLabelUI.getPreferredSize(Ljavax/swing/JComponent;)Ljava/awt/Dimension;+144
j  javax.swing.JComponent.getPreferredSize()Ljava/awt/Dimension;+26
j  java.awt.FlowLayout.preferredLayoutSize(Ljava/awt/Container;)Ljava/awt/Dimension;+66
j  java.awt.Container.preferredSize()Ljava/awt/Dimension;+43
j  java.awt.Container.getPreferredSize()Ljava/awt/Dimension;+1
j  javax.swing.JComponent.getPreferredSize()Ljava/awt/Dimension;+39
j  java.awt.BorderLayout.preferredLayoutSize(Ljava/awt/Container;)Ljava/awt/Dimension;+264
j  java.awt.Container.preferredSize()Ljava/awt/Dimension;+43
j  java.awt.Container.getPreferredSize()Ljava/awt/Dimension;+1
j  javax.swing.JComponent.getPreferredSize()Ljava/awt/Dimension;+39
j  javax.swing.JRootPane$RootLayout.preferredLayoutSize(Ljava/awt/Container;)Ljava/awt/Dimension;+26
j  java.awt.Container.preferredSize()Ljava/awt/Dimension;+43
j  java.awt.Container.getPreferredSize()Ljava/awt/Dimension;+1
j  javax.swing.JComponent.getPreferredSize()Ljava/awt/Dimension;+39
j  java.awt.BorderLayout.preferredLayoutSize(Ljava/awt/Container;)Ljava/awt/Dimension;+157
j  java.awt.Container.preferredSize()Ljava/awt/Dimension;+43
j  java.awt.Container.getPreferredSize()Ljava/awt/Dimension;+1
j  java.awt.Window.pack()V+32
j  Game.run()V+81
j  java.awt.event.InvocationEvent.dispatch()V+47
j  java.awt.EventQueue.dispatchEventImpl(Ljava/awt/AWTEvent;Ljava/lang/Object;)V+21
j  java.awt.EventQueue.access$200(Ljava/awt/EventQueue;Ljava/awt/AWTEvent;Ljava/lang/Object;)V+3
j  java.awt.EventQueue$3.run()Ljava/lang/Void;+12
j  java.awt.EventQueue$3.run()Ljava/lang/Object;+1
v  ~StubRoutines::call_stub
j  java.security.AccessController.doPrivileged(Ljava/security/PrivilegedAction;Ljava/security/AccessControlContext;)Ljava/lang/Object;+0
j  java.security.ProtectionDomain$1.doIntersectionPrivilege(Ljava/security/PrivilegedAction;Ljava/security/AccessControlContext;Ljava/security/AccessControlContext;)Ljava/lang/Object;+28
j  java.awt.EventQueue.dispatchEvent(Ljava/awt/AWTEvent;)V+46
j  java.awt.EventDispatchThread.pumpOneEventForFilters(I)V+245
j  java.awt.EventDispatchThread.pumpEventsForFilter(ILjava/awt/Conditional;Ljava/awt/EventFilter;)V+35
j  java.awt.EventDispatchThread.pumpEventsForHierarchy(ILjava/awt/Conditional;Ljava/awt/Component;)V+11
j  java.awt.EventDispatchThread.pumpEvents(ILjava/awt/Conditional;)V+4
j  java.awt.EventDispatchThread.pumpEvents(Ljava/awt/Conditional;)V+3
j  java.awt.EventDispatchThread.run()V+9
v  ~StubRoutines::call_stub

---------------  P R O C E S S  ---------------

Java Threads: ( => current thread )
  0x00007fb34a8ce800 JavaThread "Image Fetcher 3" daemon [_thread_blocked, id=52739, stack(0x0000000163b97000,0x0000000163c97000)]
  0x00007fb34a02b000 JavaThread "Java2D Disposer" daemon [_thread_blocked, id=52227, stack(0x0000000163a89000,0x0000000163b89000)]
  0x00007fb349875800 JavaThread "Java2D Queue Flusher" daemon [_thread_blocked, id=50183, stack(0x0000000163557000,0x0000000163657000)]
  0x00007fb34b000800 JavaThread "DestroyJavaVM" [_thread_blocked, id=6403, stack(0x0000000111273000,0x0000000111373000)]
=>0x00007fb34c800000 JavaThread "AWT-EventQueue-0" [_thread_in_native, id=48387, stack(0x0000000163454000,0x0000000163554000)]
  0x00007fb34a8a4800 JavaThread "AWT-Shutdown" [_thread_blocked, id=29963, stack(0x0000000160a0c000,0x0000000160b0c000)]
  0x00007fb34b024000 JavaThread "AppKit Thread" daemon [_thread_in_native, id=3335, stack(0x00007fff50483000,0x00007fff50503000)]
  0x00007fb34a004800 JavaThread "Service Thread" daemon [_thread_blocked, id=21251, stack(0x000000015ee2c000,0x000000015ef2c000)]
  0x00007fb34b01d800 JavaThread "C2 CompilerThread1" daemon [_thread_blocked, id=20739, stack(0x000000015ed29000,0x000000015ee29000)]
  0x00007fb34b019800 JavaThread "C2 CompilerThread0" daemon [_thread_blocked, id=20227, stack(0x000000015ec26000,0x000000015ed26000)]
  0x00007fb34d800000 JavaThread "Signal Dispatcher" daemon [_thread_blocked, id=19715, stack(0x000000015eb23000,0x000000015ec23000)]
  0x00007fb34a002800 JavaThread "Finalizer" daemon [_thread_blocked, id=14595, stack(0x000000015e8e7000,0x000000015e9e7000)]
  0x00007fb349846000 JavaThread "Reference Handler" daemon [_thread_blocked, id=14083, stack(0x000000015e7e4000,0x000000015e8e4000)]

Other Threads:
  0x00007fb34b018800 VMThread [stack: 0x000000015e6e1000,0x000000015e7e1000] [id=13571]
  0x00007fb34980f000 WatcherThread [stack: 0x000000015ef2f000,0x000000015f02f000] [id=21763]

VM state:not at safepoint (normal execution)

VM Mutex/Monitor currently owned by a thread: None

Heap
 PSYoungGen      total 19456K, used 4769K [0x0000000144200000, 0x0000000145780000, 0x0000000159780000)
  eden space 16896K, 28% used [0x0000000144200000,0x00000001446a86f8,0x0000000145280000)
  from space 2560K, 0% used [0x0000000145500000,0x0000000145500000,0x0000000145780000)
  to   space 2560K, 0% used [0x0000000145280000,0x0000000145280000,0x0000000145500000)
 ParOldGen       total 43520K, used 0K [0x0000000119780000, 0x000000011c200000, 0x0000000144200000)
  object space 43520K, 0% used [0x0000000119780000,0x0000000119780000,0x000000011c200000)
 PSPermGen       total 21504K, used 8342K [0x0000000114580000, 0x0000000115a80000, 0x0000000119780000)
  object space 21504K, 38% used [0x0000000114580000,0x0000000114da5ad8,0x0000000115a80000)

Card table byte_map: [0x0000000159780000,0x00000001599aa000] byte_map_base: 0x0000000158edd400

Polling page: 0x000000010f7fe000

Code Cache  [0x00000001113c3000, 0x0000000111633000, 0x00000001143c3000)
 total_blobs=396 nmethods=10 adapters=341 free_code_cache=48644Kb largest_free_block=49798592

Compilation events (10 events):
Event: 0.508 Thread 0x00007fb34b019800    7             sun.awt.image.PNGImageDecoder::filterRow (459 bytes)
Event: 0.517 Thread 0x00007fb34b01d800    8 % !         sun.awt.image.PNGImageDecoder::produceImage @ 960 (1920 bytes)
Event: 0.535 Thread 0x00007fb34b019800 nmethod 7 0x000000011143a8d0 code [0x000000011143aa20, 0x000000011143b5f8]
Event: 0.541 Thread 0x00007fb34b019800    9             java.io.UnixFileSystem::normalize (75 bytes)
Event: 0.544 Thread 0x00007fb34b019800 nmethod 9 0x000000011143cad0 code [0x000000011143cc40, 0x000000011143ce98]
Event: 0.556 Thread 0x00007fb34b019800   10             sun.awt.image.PNGImageDecoder::update_crc (41 bytes)
Event: 0.560 Thread 0x00007fb34b019800 nmethod 10 0x000000011143e050 code [0x000000011143e1a0, 0x000000011143e4f8]
Event: 0.562 Thread 0x00007fb34b01d800 

Event: 0.613 Thread 0x00007fb34b019800   11             sun.java2d.loops.GraphicsPrimitive::getUniqueID (5 bytes)
Event: 0.614 Thread 0x00007fb34b019800 nmethod 11 0x000000011143ec10 code [0x000000011143ed40, 0x000000011143ed98]

GC Heap History (0 events):
No events

Deoptimization events (0 events):
No events

Internal exceptions (10 events):
Event: 0.545 Thread 0x00007fb34a8ce800 Threw 0x00000001445dd2c8 at /HUDSON/workspace/7u-2-build-macosx-x86_64/jdk7u67/1368/hotspot/src/share/vm/prims/jvm.cpp:2917
Event: 0.548 Thread 0x00007fb34a8ce800 Threw 0x00000001445e6960 at /HUDSON/workspace/7u-2-build-macosx-x86_64/jdk7u67/1368/hotspot/src/share/vm/prims/jvm.cpp:2917
Event: 0.548 Thread 0x00007fb34c800000 Threw 0x000000014451a5c8 at /HUDSON/workspace/7u-2-build-macosx-x86_64/jdk7u67/1368/hotspot/src/share/vm/prims/jvm.cpp:1244
Event: 0.549 Thread 0x00007fb34a8ce800 Threw 0x00000001445ef938 at /HUDSON/workspace/7u-2-build-macosx-x86_64/jdk7u67/1368/hotspot/src/share/vm/prims/jvm.cpp:2917
Event: 0.551 Thread 0x00007fb34a8ce800 Threw 0x00000001445f9a78 at /HUDSON/workspace/7u-2-build-macosx-x86_64/jdk7u67/1368/hotspot/src/share/vm/prims/jvm.cpp:2917
Event: 0.551 Thread 0x00007fb34c800000 Threw 0x000000014451d978 at /HUDSON/workspace/7u-2-build-macosx-x86_64/jdk7u67/1368/hotspot/src/share/vm/prims/jvm.cpp:1244
Event: 0.552 Thread 0x00007fb34a8ce800 Threw 0x0000000144603148 at /HUDSON/workspace/7u-2-build-macosx-x86_64/jdk7u67/1368/hotspot/src/share/vm/prims/jvm.cpp:2917
Event: 0.553 Thread 0x00007fb34a8ce800 Threw 0x000000014460b350 at /HUDSON/workspace/7u-2-build-macosx-x86_64/jdk7u67/1368/hotspot/src/share/vm/prims/jvm.cpp:2917
Event: 0.553 Thread 0x00007fb34c800000 Threw 0x0000000144520bb0 at /HUDSON/workspace/7u-2-build-macosx-x86_64/jdk7u67/1368/hotspot/src/share/vm/prims/jvm.cpp:1244
Event: 0.558 Thread 0x00007fb34c800000 Threw 0x00000001445279a8 at /HUDSON/workspace/7u-2-build-macosx-x86_64/jdk7u67/1368/hotspot/src/share/vm/prims/jvm.cpp:1244

Events (10 events):
Event: 0.978 loading class 0x000000015c8126b0 done
Event: 0.978 loading class 0x000000015c8124d0 done
Event: 0.978 loading class 0x000000015c828180
Event: 0.978 loading class 0x00007fb34a0b20b0
Event: 0.979 loading class 0x00007fb34a0b20b0 done
Event: 0.979 loading class 0x000000015c828180 done
Event: 0.983 loading class 0x00007fb34a90b120
Event: 0.983 loading class 0x00007fb34a90b120 done
Event: 0.983 loading class 0x00007fb34c0bb1d0
Event: 0.983 loading class 0x00007fb34c0bb1d0 done


Dynamic libraries:
0x000000000c119000 	/System/Library/Frameworks/Cocoa.framework/Versions/A/Cocoa
0x000000000c119000 	/System/Library/Frameworks/Security.framework/Versions/A/Security
0x000000000c119000 	/System/Library/Frameworks/ApplicationServices.framework/Versions/A/ApplicationServices
0x000000000c119000 	/usr/lib/libz.1.dylib
0x000000000c119000 	/usr/lib/libSystem.B.dylib
0x000000000c119000 	/usr/lib/libobjc.A.dylib
0x000000000c119000 	/System/Library/Frameworks/CoreFoundation.framework/Versions/A/CoreFoundation
0x000000000c119000 	/System/Library/Frameworks/Foundation.framework/Versions/C/Foundation
0x000000000c119000 	/System/Library/Frameworks/AppKit.framework/Versions/C/AppKit
0x000000000c119000 	/System/Library/Frameworks/CoreData.framework/Versions/A/CoreData
0x000000000c119000 	/System/Library/PrivateFrameworks/RemoteViewServices.framework/Versions/A/RemoteViewServices
0x000000000c119000 	/System/Library/Frameworks/AudioToolbox.framework/Versions/A/AudioToolbox
0x000000000c119000 	/System/Library/Frameworks/AudioUnit.framework/Versions/A/AudioUnit
0x000000000c119000 	/System/Library/PrivateFrameworks/DataDetectorsCore.framework/Versions/A/DataDetectorsCore
0x000000000c119000 	/System/Library/PrivateFrameworks/DesktopServicesPriv.framework/Versions/A/DesktopServicesPriv
0x000000000c119000 	/System/Library/Frameworks/Carbon.framework/Versions/A/Frameworks/HIToolbox.framework/Versions/A/HIToolbox
0x000000000c119000 	/System/Library/Frameworks/QuartzCore.framework/Versions/A/QuartzCore
0x000000000c119000 	/System/Library/Frameworks/Carbon.framework/Versions/A/Frameworks/SpeechRecognition.framework/Versions/A/SpeechRecognition
0x000000000c119000 	/usr/lib/libauto.dylib
0x000000000c119000 	/usr/lib/libicucore.A.dylib
0x000000000c119000 	/usr/lib/libxml2.2.dylib
0x000000000c119000 	/System/Library/PrivateFrameworks/CoreUI.framework/Versions/A/CoreUI
0x000000000c119000 	/System/Library/Frameworks/CoreAudio.framework/Versions/A/CoreAudio
0x000000000c119000 	/System/Library/Frameworks/DiskArbitration.framework/Versions/A/DiskArbitration
0x000000000c119000 	/usr/lib/liblangid.dylib
0x000000000c119000 	/System/Library/PrivateFrameworks/MultitouchSupport.framework/Versions/A/MultitouchSupport
0x000000000c119000 	/System/Library/Frameworks/IOKit.framework/Versions/A/IOKit
0x000000000c119000 	/usr/lib/libDiagnosticMessagesClient.dylib
0x000000000c119000 	/System/Library/Frameworks/CoreServices.framework/Versions/A/CoreServices
0x000000000c119000 	/System/Library/PrivateFrameworks/PerformanceAnalysis.framework/Versions/A/PerformanceAnalysis
0x000000000c119000 	/System/Library/PrivateFrameworks/GenerationalStorage.framework/Versions/A/GenerationalStorage
0x000000000c119000 	/System/Library/Frameworks/OpenGL.framework/Versions/A/OpenGL
0x000000000c119000 	/System/Library/PrivateFrameworks/Sharing.framework/Versions/A/Sharing
0x000000000c119000 	/System/Library/Frameworks/ImageIO.framework/Versions/A/ImageIO
0x000000000c119000 	/System/Library/Frameworks/CoreText.framework/Versions/A/CoreText
0x000000000c119000 	/System/Library/Frameworks/CoreGraphics.framework/Versions/A/CoreGraphics
0x000000000c119000 	/System/Library/PrivateFrameworks/Backup.framework/Versions/A/Backup
0x000000000c119000 	/System/Library/Frameworks/CFNetwork.framework/Versions/A/CFNetwork
0x000000000c119000 	/System/Library/Frameworks/SystemConfiguration.framework/Versions/A/SystemConfiguration
0x000000000c119000 	/usr/lib/libCRFSuite.dylib
0x000000000c119000 	/usr/lib/libc++.1.dylib
0x000000000c119000 	/usr/lib/libc++abi.dylib
0x000000000c119000 	/usr/lib/system/libcache.dylib
0x000000000c119000 	/usr/lib/system/libcommonCrypto.dylib
0x000000000c119000 	/usr/lib/system/libcompiler_rt.dylib
0x000000000c119000 	/usr/lib/system/libcopyfile.dylib
0x000000000c119000 	/usr/lib/system/libcorecrypto.dylib
0x000000000c119000 	/usr/lib/system/libdispatch.dylib
0x000000000c119000 	/usr/lib/system/libdyld.dylib
0x000000000c119000 	/usr/lib/system/libkeymgr.dylib
0x000000000c119000 	/usr/lib/system/liblaunch.dylib
0x000000000c119000 	/usr/lib/system/libmacho.dylib
0x000000000c119000 	/usr/lib/system/libquarantine.dylib
0x000000000c119000 	/usr/lib/system/libremovefile.dylib
0x000000000c119000 	/usr/lib/system/libsystem_asl.dylib
0x000000000c119000 	/usr/lib/system/libsystem_blocks.dylib
0x000000000c119000 	/usr/lib/system/libsystem_c.dylib
0x000000000c119000 	/usr/lib/system/libsystem_configuration.dylib
0x000000000c119000 	/usr/lib/system/libsystem_dnssd.dylib
0x000000000c119000 	/usr/lib/system/libsystem_info.dylib
0x000000000c119000 	/usr/lib/system/libsystem_kernel.dylib
0x000000000c119000 	/usr/lib/system/libsystem_m.dylib
0x000000000c119000 	/usr/lib/system/libsystem_malloc.dylib
0x000000000c119000 	/usr/lib/system/libsystem_network.dylib
0x000000000c119000 	/usr/lib/system/libsystem_notify.dylib
0x000000000c119000 	/usr/lib/system/libsystem_platform.dylib
0x000000000c119000 	/usr/lib/system/libsystem_pthread.dylib
0x000000000c119000 	/usr/lib/system/libsystem_sandbox.dylib
0x000000000c119000 	/usr/lib/system/libsystem_stats.dylib
0x000000000c119000 	/usr/lib/system/libunc.dylib
0x000000000c119000 	/usr/lib/system/libunwind.dylib
0x000000000c119000 	/usr/lib/system/libxpc.dylib
0x000000000c119000 	/usr/lib/libbsm.0.dylib
0x000000000c119000 	/usr/lib/libsqlite3.dylib
0x000000000c119000 	/usr/lib/libxar.1.dylib
0x000000000c119000 	/usr/lib/libpam.2.dylib
0x000000000c119000 	/usr/lib/libOpenScriptingUtil.dylib
0x000000000c119000 	/usr/lib/libbz2.1.0.dylib
0x000000000c119000 	/System/Library/Frameworks/CoreServices.framework/Versions/A/Frameworks/CarbonCore.framework/Versions/A/CarbonCore
0x000000000c119000 	/System/Library/Frameworks/CoreServices.framework/Versions/A/Frameworks/Metadata.framework/Versions/A/Metadata
0x000000000c119000 	/System/Library/Frameworks/CoreServices.framework/Versions/A/Frameworks/OSServices.framework/Versions/A/OSServices
0x000000000c119000 	/System/Library/Frameworks/CoreServices.framework/Versions/A/Frameworks/SearchKit.framework/Versions/A/SearchKit
0x000000000c119000 	/System/Library/Frameworks/CoreServices.framework/Versions/A/Frameworks/AE.framework/Versions/A/AE
0x000000000c119000 	/System/Library/Frameworks/CoreServices.framework/Versions/A/Frameworks/LaunchServices.framework/Versions/A/LaunchServices
0x000000000c119000 	/System/Library/Frameworks/CoreServices.framework/Versions/A/Frameworks/DictionaryServices.framework/Versions/A/DictionaryServices
0x000000000c119000 	/System/Library/Frameworks/NetFS.framework/Versions/A/NetFS
0x000000000c119000 	/usr/lib/system/libkxld.dylib
0x000000000c119000 	/System/Library/PrivateFrameworks/NetAuth.framework/Versions/A/NetAuth
0x000000000c119000 	/System/Library/PrivateFrameworks/TCC.framework/Versions/A/TCC
0x000000000c119000 	/System/Library/Frameworks/OpenDirectory.framework/Versions/A/Frameworks/CFOpenDirectory.framework/Versions/A/CFOpenDirectory
0x000000000c119000 	/System/Library/Frameworks/ServiceManagement.framework/Versions/A/ServiceManagement
0x000000000c119000 	/usr/lib/libxslt.1.dylib
0x000000000c119000 	/System/Library/Frameworks/Carbon.framework/Versions/A/Frameworks/Ink.framework/Versions/A/Ink
0x000000000c119000 	/System/Library/Frameworks/ApplicationServices.framework/Versions/A/Frameworks/ATS.framework/Versions/A/ATS
0x000000000c119000 	/System/Library/Frameworks/ApplicationServices.framework/Versions/A/Frameworks/ColorSync.framework/Versions/A/ColorSync
0x000000000c119000 	/System/Library/Frameworks/ApplicationServices.framework/Versions/A/Frameworks/HIServices.framework/Versions/A/HIServices
0x000000000c119000 	/System/Library/Frameworks/ApplicationServices.framework/Versions/A/Frameworks/LangAnalysis.framework/Versions/A/LangAnalysis
0x000000000c119000 	/System/Library/Frameworks/ApplicationServices.framework/Versions/A/Frameworks/PrintCore.framework/Versions/A/PrintCore
0x000000000c119000 	/System/Library/Frameworks/ApplicationServices.framework/Versions/A/Frameworks/QD.framework/Versions/A/QD
0x000000000c119000 	/System/Library/Frameworks/ApplicationServices.framework/Versions/A/Frameworks/SpeechSynthesis.framework/Versions/A/SpeechSynthesis
0x000000000c119000 	/System/Library/Frameworks/IOSurface.framework/Versions/A/IOSurface
0x000000000c119000 	/System/Library/Frameworks/Accelerate.framework/Versions/A/Accelerate
0x000000000c119000 	/System/Library/Frameworks/Accelerate.framework/Versions/A/Frameworks/vImage.framework/Versions/A/vImage
0x000000000c119000 	/System/Library/Frameworks/Accelerate.framework/Versions/A/Frameworks/vecLib.framework/Versions/A/vecLib
0x000000000c119000 	/System/Library/Frameworks/Accelerate.framework/Versions/A/Frameworks/vecLib.framework/Versions/A/libvDSP.dylib
0x000000000c119000 	/System/Library/Frameworks/Accelerate.framework/Versions/A/Frameworks/vecLib.framework/Versions/A/libvMisc.dylib
0x000000000c119000 	/System/Library/Frameworks/Accelerate.framework/Versions/A/Frameworks/vecLib.framework/Versions/A/libLAPACK.dylib
0x000000000c119000 	/System/Library/Frameworks/Accelerate.framework/Versions/A/Frameworks/vecLib.framework/Versions/A/libBLAS.dylib
0x000000000c119000 	/System/Library/Frameworks/ApplicationServices.framework/Versions/A/Frameworks/ATS.framework/Versions/A/Resources/libFontParser.dylib
0x000000000c119000 	/System/Library/Frameworks/ApplicationServices.framework/Versions/A/Frameworks/ATS.framework/Versions/A/Resources/libFontRegistry.dylib
0x000000000c119000 	/System/Library/Frameworks/ImageIO.framework/Versions/A/Resources/libJPEG.dylib
0x000000000c119000 	/System/Library/Frameworks/ImageIO.framework/Versions/A/Resources/libTIFF.dylib
0x000000000c119000 	/System/Library/Frameworks/ImageIO.framework/Versions/A/Resources/libPng.dylib
0x000000000c119000 	/System/Library/Frameworks/ImageIO.framework/Versions/A/Resources/libGIF.dylib
0x000000000c119000 	/System/Library/Frameworks/ImageIO.framework/Versions/A/Resources/libJP2.dylib
0x000000000c119000 	/System/Library/Frameworks/ImageIO.framework/Versions/A/Resources/libRadiance.dylib
0x000000000c119000 	/usr/lib/libcups.2.dylib
0x000000000c119000 	/System/Library/Frameworks/Kerberos.framework/Versions/A/Kerberos
0x000000000c119000 	/System/Library/Frameworks/GSS.framework/Versions/A/GSS
0x000000000c119000 	/usr/lib/libresolv.9.dylib
0x000000000c119000 	/usr/lib/libiconv.2.dylib
0x000000000c119000 	/System/Library/PrivateFrameworks/Heimdal.framework/Versions/A/Heimdal
0x000000000c119000 	/System/Library/PrivateFrameworks/TrustEvaluationAgent.framework/Versions/A/TrustEvaluationAgent
0x000000000c119000 	/usr/lib/libheimdal-asn1.dylib
0x000000000c119000 	/System/Library/Frameworks/OpenDirectory.framework/Versions/A/OpenDirectory
0x000000000c119000 	/System/Library/PrivateFrameworks/CommonAuth.framework/Versions/A/CommonAuth
0x000000000c119000 	/System/Library/Frameworks/SecurityFoundation.framework/Versions/A/SecurityFoundation
0x000000000c119000 	/System/Library/PrivateFrameworks/Bom.framework/Versions/A/Bom
0x000000000c119000 	/System/Library/Frameworks/CoreVideo.framework/Versions/A/CoreVideo
0x000000000c119000 	/System/Library/Frameworks/QuartzCore.framework/Versions/A/Frameworks/CoreImage.framework/Versions/A/CoreImage
0x000000000c119000 	/System/Library/Frameworks/QuartzCore.framework/Versions/A/Frameworks/ScalableUserInterface.framework/Versions/A/ScalableUserInterface
0x000000000c119000 	/System/Library/Frameworks/OpenGL.framework/Versions/A/Libraries/libGLU.dylib
0x000000000c119000 	/System/Library/Frameworks/OpenGL.framework/Versions/A/Libraries/libGFXShared.dylib
0x000000000c119000 	/System/Library/Frameworks/OpenGL.framework/Versions/A/Libraries/libGL.dylib
0x000000000c119000 	/System/Library/Frameworks/OpenGL.framework/Versions/A/Libraries/libGLImage.dylib
0x000000000c119000 	/System/Library/Frameworks/OpenGL.framework/Versions/A/Libraries/libCVMSPluginSupport.dylib
0x000000000c119000 	/System/Library/Frameworks/OpenGL.framework/Versions/A/Libraries/libCoreVMClient.dylib
0x000000000c119000 	/System/Library/PrivateFrameworks/FaceCore.framework/Versions/A/FaceCore
0x000000000c119000 	/System/Library/PrivateFrameworks/CrashReporterSupport.framework/Versions/A/CrashReporterSupport
0x000000000c119000 	/System/Library/Frameworks/OpenCL.framework/Versions/A/OpenCL
0x000000000c119000 	/System/Library/PrivateFrameworks/AppleFSCompression.framework/Versions/A/AppleFSCompression
0x000000000c119000 	/System/Library/PrivateFrameworks/Ubiquity.framework/Versions/A/Ubiquity
0x000000000c119000 	/System/Library/PrivateFrameworks/IconServices.framework/Versions/A/IconServices
0x000000000c119000 	/System/Library/PrivateFrameworks/ChunkingLibrary.framework/Versions/A/ChunkingLibrary
0x000000000c119000 	/System/Library/PrivateFrameworks/CoreSymbolication.framework/Versions/A/CoreSymbolication
0x000000000c119000 	/System/Library/PrivateFrameworks/Symbolication.framework/Versions/A/Symbolication
0x000000000c119000 	/System/Library/PrivateFrameworks/DebugSymbols.framework/Versions/A/DebugSymbols
0x0000000110813000 	/Library/Java/JavaVirtualMachines/jdk1.7.0_67.jdk/Contents/Home/jre/lib/server/libjvm.dylib
0x000000000c119000 	/usr/lib/libstdc++.6.dylib
0x0000000111375000 	/Library/Java/JavaVirtualMachines/jdk1.7.0_67.jdk/Contents/Home/jre/lib/libverify.dylib
0x0000000111382000 	/Library/Java/JavaVirtualMachines/jdk1.7.0_67.jdk/Contents/Home/jre/lib/libjava.dylib
0x00000001113ba000 	/Library/Java/JavaVirtualMachines/jdk1.7.0_67.jdk/Contents/Home/jre/lib/libzip.dylib
0x000000015e9e9000 	/System/Library/Frameworks/JavaVM.framework/Frameworks/JavaRuntimeSupport.framework/JavaRuntimeSupport
0x00000001144eb000 	/System/Library/Frameworks/JavaVM.framework/Versions/A/Frameworks/JavaNativeFoundation.framework/Versions/A/JavaNativeFoundation
0x000000015ea01000 	/System/Library/Frameworks/JavaVM.framework/Versions/A/JavaVM
0x000000000c119000 	/System/Library/Frameworks/Carbon.framework/Versions/A/Carbon
0x000000015ea0e000 	/System/Library/PrivateFrameworks/JavaLaunching.framework/Versions/A/JavaLaunching
0x000000000c119000 	/System/Library/Frameworks/Carbon.framework/Versions/A/Frameworks/CommonPanels.framework/Versions/A/CommonPanels
0x000000000c119000 	/System/Library/Frameworks/Carbon.framework/Versions/A/Frameworks/Help.framework/Versions/A/Help
0x000000000c119000 	/System/Library/Frameworks/Carbon.framework/Versions/A/Frameworks/ImageCapture.framework/Versions/A/ImageCapture
0x000000000c119000 	/System/Library/Frameworks/Carbon.framework/Versions/A/Frameworks/OpenScripting.framework/Versions/A/OpenScripting
0x000000000c119000 	/System/Library/Frameworks/Carbon.framework/Versions/A/Frameworks/Print.framework/Versions/A/Print
0x000000000c119000 	/System/Library/Frameworks/Carbon.framework/Versions/A/Frameworks/SecurityHI.framework/Versions/A/SecurityHI
0x000000015f07c000 	/Library/Java/JavaVirtualMachines/jdk1.7.0_67.jdk/Contents/Home/jre/lib/libawt.dylib
0x000000015f12b000 	/Library/Java/JavaVirtualMachines/jdk1.7.0_67.jdk/Contents/Home/jre/lib/./libmlib_image.dylib
0x000000015f1f7000 	/Library/Java/JavaVirtualMachines/jdk1.7.0_67.jdk/Contents/Home/jre/lib/lwawt/liblwawt.dylib
0x000000015f2ab000 	/Library/Java/JavaVirtualMachines/jdk1.7.0_67.jdk/Contents/Home/jre/lib/libosxapp.dylib
0x000000000c119000 	/System/Library/Frameworks/ExceptionHandling.framework/Versions/A/ExceptionHandling
0x000000000c119000 	/System/Library/PrivateFrameworks/CoreServicesInternal.framework/Versions/A/CoreServicesInternal
0x000000000c119000 	/System/Library/PrivateFrameworks/Librarian.framework/Versions/A/Librarian
0x000000000c119000 	/System/Library/Frameworks/CoreGraphics.framework/Versions/A/Resources/libCGCMS.A.dylib
0x000000000c119000 	/System/Library/Frameworks/CoreGraphics.framework/Versions/A/Resources/libRIP.A.dylib
0x000000000c119000 	/System/Library/Frameworks/CoreGraphics.framework/Versions/A/Resources/libCGXType.A.dylib
0x000000000c119000 	/System/Library/PrivateFrameworks/FamilyControls.framework/Versions/A/FamilyControls
0x000000000c119000 	/System/Library/PrivateFrameworks/CommerceKit.framework/Versions/A/Frameworks/CommerceCore.framework/Versions/A/CommerceCore
0x000000000c119000 	/System/Library/PrivateFrameworks/SystemAdministration.framework/Versions/A/SystemAdministration
0x000000000c119000 	/System/Library/Frameworks/DirectoryService.framework/Versions/A/DirectoryService
0x000000000c119000 	/System/Library/PrivateFrameworks/DiskImages.framework/Versions/A/DiskImages
0x000000000c119000 	/System/Library/PrivateFrameworks/LoginUIKit.framework/Versions/A/Frameworks/LoginUICore.framework/Versions/A/LoginUICore
0x000000000c119000 	/usr/lib/libCoreStorage.dylib
0x000000000c119000 	/usr/lib/libcsfde.dylib
0x000000000c119000 	/usr/lib/libodfde.dylib
0x000000000c119000 	/System/Library/Frameworks/DiscRecording.framework/Versions/A/DiscRecording
0x000000000c119000 	/usr/lib/libcurl.4.dylib
0x000000000c119000 	/System/Library/PrivateFrameworks/MediaKit.framework/Versions/A/MediaKit
0x000000000c119000 	/System/Library/PrivateFrameworks/EFILogin.framework/Versions/A/EFILogin
0x000000000c119000 	/usr/lib/libutil.dylib
0x000000000c119000 	/System/Library/PrivateFrameworks/AOSNotification.framework/Versions/A/AOSNotification
0x000000000c119000 	/System/Library/Frameworks/LDAP.framework/Versions/A/LDAP
0x000000000c119000 	/usr/lib/libsasl2.2.dylib
0x000000000c119000 	/usr/lib/libcrypto.0.9.8.dylib
0x000000000c119000 	/usr/lib/libssl.0.9.8.dylib
0x00000001633ec000 	/Library/Java/JavaVirtualMachines/jdk1.7.0_67.jdk/Contents/Home/jre/lib/libfontmanager.dylib
0x000000000c119000 	/System/Library/Frameworks/OpenGL.framework/Versions/A/Resources/GLEngine.bundle/GLEngine
0x000000000c119000 	/System/Library/Frameworks/OpenGL.framework/Versions/A/Libraries/libGLProgrammability.dylib
0x0000000000000000 	/System/Library/Extensions/AppleIntelHD3000GraphicsGLDriver.bundle/Contents/MacOS/AppleIntelHD3000GraphicsGLDriver
0x0000000160b37000 	/System/Library/PrivateFrameworks/GPUSupport.framework/Versions/A/Libraries/libGPUSupport.dylib
0x0000000000000000 	/System/Library/Extensions/AMDRadeonX3000GLDriver.bundle/Contents/MacOS/AMDRadeonX3000GLDriver
0x000000000c119000 	/System/Library/PrivateFrameworks/IOAccelerator.framework/Versions/A/IOAccelerator
0x000000000c119000 	/System/Library/PrivateFrameworks/GPUSupport.framework/Versions/A/Libraries/libGPUSupportMercury.dylib
0x000000000c119000 	/System/Library/Frameworks/OpenGL.framework/Versions/A/Resources/GLRendererFloat.bundle/GLRendererFloat
0x000000000c119000 	/System/Library/Frameworks/OpenCL.framework/Versions/A/Libraries/libcldcpuengine.dylib
0x0000000163b8b000 	/Library/Java/JavaVirtualMachines/jdk1.7.0_67.jdk/Contents/Home/jre/lib/libosxui.dylib
0x00000001648f7000 	/Library/Java/JavaVirtualMachines/jdk1.7.0_67.jdk/Contents/Home/jre/lib/libnet.dylib
0x0000000164aed000 	/Library/Java/JavaVirtualMachines/jdk1.7.0_67.jdk/Contents/Home/jre/lib/libnio.dylib

VM Arguments:
jvm_args: -Dfile.encoding=UTF-8 
java_command: Game
Launcher Type: SUN_STANDARD

Environment Variables:
PATH=/usr/bin:/bin:/usr/sbin:/sbin
SHELL=/bin/bash
DISPLAY=/tmp/launch-16HynN/org.macosforge.xquartz:0

Signal Handlers:
SIGSEGV: [libjvm.dylib+0x52b6c9], sa_mask[0]=0xfffefeff, sa_flags=0x00000043
SIGBUS: [libjvm.dylib+0x52b6c9], sa_mask[0]=0xfffefeff, sa_flags=0x00000042
SIGFPE: [libjvm.dylib+0x41deaa], sa_mask[0]=0xfffefeff, sa_flags=0x00000042
SIGPIPE: [libjvm.dylib+0x41deaa], sa_mask[0]=0xfffefeff, sa_flags=0x00000042
SIGXFSZ: [libjvm.dylib+0x41deaa], sa_mask[0]=0xfffefeff, sa_flags=0x00000042
SIGILL: [libjvm.dylib+0x41deaa], sa_mask[0]=0xfffefeff, sa_flags=0x00000042
SIGUSR1: SIG_DFL, sa_mask[0]=0x00000000, sa_flags=0x00000002
SIGUSR2: [libjvm.dylib+0x41d99c], sa_mask[0]=0x00000004, sa_flags=0x00000042
SIGHUP: [libjvm.dylib+0x41bc2d], sa_mask[0]=0xfffefeff, sa_flags=0x00000042
SIGINT: [libjvm.dylib+0x41bc2d], sa_mask[0]=0xfffefeff, sa_flags=0x00000042
SIGTERM: [libjvm.dylib+0x41bc2d], sa_mask[0]=0xfffefeff, sa_flags=0x00000042
SIGQUIT: [libjvm.dylib+0x41bc2d], sa_mask[0]=0xfffefeff, sa_flags=0x00000042


---------------  S Y S T E M  ---------------

OS:Bsduname:Darwin 13.4.0 Darwin Kernel Version 13.4.0: Sun Aug 17 19:50:11 PDT 2014; root:xnu-2422.115.4~1/RELEASE_X86_64 x86_64
rlimit: STACK 8192k, CORE 0k, NPROC 709, NOFILE 10240, AS infinity
load average:1.69 1.62 1.59

CPU:total 8 (4 cores per cpu, 2 threads per core) family 6 model 42 stepping 7, cmov, cx8, fxsr, mmx, sse, sse2, sse3, ssse3, sse4.1, sse4.2, popcnt, avx, aes, ht, tsc, tscinvbit

Memory: 4k page, physical 4194304k(1048576k free)

/proc/meminfo:


vm_info: Java HotSpot(TM) 64-Bit Server VM (24.65-b04) for bsd-amd64 JRE (1.7.0_67-b01), built on Jul 25 2014 08:51:51 by "java_re" with gcc 4.2.1 (Based on Apple Inc. build 5658) (LLVM build 2336.11.00)

time: Fri Dec  5 22:08:13 2014
elapsed time: 1 seconds

